Build started 10/26/2013 3:44:44 PM.
     1>Project "C:\Devel\GameJamFall2013\Shiva\Shiva\Shiva\Shiva.vcxproj" on node 2 (Build target(s)).
     1>ClCompile:
         C:\Program Files (x86)\Microsoft Visual Studio 11.0\VC\bin\CL.exe /c /ZI /nologo /W3 /WX- /Od /Oy- /D WIN32 /D _DEBUG /D _CONSOLE /D _UNICODE /D UNICODE /Gm /EHsc /RTC1 /MDd /GS /fp:precise /Zc:wchar_t /Zc:forScope /Fo"Debug\\" /Fd"Debug\vc110.pdb" /Gd /TP /analyze- /errorReport:prompt main.cpp
         main.cpp
     1>c:\devel\gamejamfall2013\shiva\shiva\shiva\utilities\fileutils.h(22): warning C4244: 'argument' : conversion from 'std::streamoff' to 'unsigned int', possible loss of data
     1>c:\devel\gamejamfall2013\shiva\shiva\shiva\main.cpp(132): warning C4715: 'SDL_main' : not all control paths return a value
       Link:
         C:\Program Files (x86)\Microsoft Visual Studio 11.0\VC\bin\link.exe /ERRORREPORT:PROMPT /OUT:"C:\Devel\GameJamFall2013\Shiva\Shiva\Debug\Shiva.exe" /INCREMENTAL /NOLOGO opengl32.lib glew32.lib SDL2.lib SDL2main.lib kernel32.lib user32.lib gdi32.lib winspool.lib comdlg32.lib advapi32.lib shell32.lib ole32.lib oleaut32.lib uuid.lib odbc32.lib odbccp32.lib /MANIFEST /MANIFESTUAC:"level='asInvoker' uiAccess='false'" /manifest:embed /DEBUG /PDB:"C:\Devel\GameJamFall2013\Shiva\Shiva\Debug\Shiva.pdb" /SUBSYSTEM:CONSOLE /TLBID:1 /DYNAMICBASE /NXCOMPAT /IMPLIB:"C:\Devel\GameJamFall2013\Shiva\Shiva\Debug\Shiva.lib" /MACHINE:X86 Debug\main.obj
     1>MSVCRTD.lib(cinitexe.obj) : warning LNK4098: defaultlib 'msvcrt.lib' conflicts with use of other libs; use /NODEFAULTLIB:library
         Shiva.vcxproj -> C:\Devel\GameJamFall2013\Shiva\Shiva\Debug\Shiva.exe
       PostBuildEvent:
         xcopy /D C:\Devel\GameJamFall2013\Shiva\Shiva\\..\Common\SDL2-2.0.0\lib\x86\SDL2.dll C:\Devel\GameJamFall2013\Shiva\Shiva\Debug\
         xcopy /D C:\Devel\GameJamFall2013\Shiva\Shiva\\..\Common\glew-1.10.0\bin\Release\Win32\glew32.dll C:\Devel\GameJamFall2013\Shiva\Shiva\Debug\
         :VCEnd
         0 File(s) copied
         0 File(s) copied
     1>Done Building Project "C:\Devel\GameJamFall2013\Shiva\Shiva\Shiva\Shiva.vcxproj" (Build target(s)).

Build succeeded.

Time Elapsed 00:00:02.29
